<?xml version="1.0" encoding="UTF-8"?>
<!-- Generated by org.testng.reporters.JUnitXMLReporter -->
<testsuite ignored="0" hostname="LAPTOP-1M0O9JN4" failures="0" tests="2" name="Naukri website test cases - SearchpageTest" time="98.47" errors="0" timestamp="2020-05-26T18:57:05 IST">
  <testcase classname="com.naukri.qa.testcases.SearchjobsPageTest" name="searchResultsTest" time="5.757"/>
  <testcase classname="com.naukri.qa.testcases.SearchjobsPageTest" name="searchResultsTest" time="5.789"/>
</testsuite> <!-- Naukri website test cases - SearchpageTest -->
