<?xml version="1.0" encoding="UTF-8"?>
<!-- Generated by org.testng.reporters.JUnitXMLReporter -->
<testsuite ignored="0" hostname="LAPTOP-1M0O9JN4" failures="0" tests="6" name="Naukri website test cases - Chrome" time="147.272" errors="0" timestamp="2020-05-26T18:47:55 IST">
  <testcase classname="com.naukri.qa.testcases.LandingPageTest" name="landingPageTitleTest" time="0.044"/>
  <testcase classname="com.naukri.qa.testcases.SearchjobsPageTest" name="searchResultsTest" time="6.382"/>
  <testcase classname="com.naukri.qa.testcases.SearchjobsPageTest" name="searchResultsTest" time="5.736"/>
  <testcase classname="com.naukri.qa.testcases.SearchjobsPageTest" name="searchResultsTest" time="6.169"/>
  <testcase classname="com.naukri.qa.testcases.LandingPageTest" name="naukriImageTest" time="0.14"/>
  <testcase classname="com.naukri.qa.testcases.LandingPageTest" name="searchJobsTest" time="0.64"/>
</testsuite> <!-- Naukri website test cases - Chrome -->
