<?xml version="1.0" encoding="UTF-8"?>
<!-- Generated by org.testng.reporters.JUnitXMLReporter -->
<testsuite ignored="0" hostname="LAPTOP-1M0O9JN4" failures="1" tests="1" name="Naukri website test cases" time="18.328" errors="0" timestamp="2020-07-06T20:51:00 IST">
  <testcase classname="com.naukri.qa.testcases.LogInPageTest" name="landingPageTitleTest" time="0.092">
    <failure type="java.lang.AssertionError" message="expected [Jobs - Recruitment - Job Search - Employment -Job Vacancies - Naukri.com] but found [Jobs - Recruitment - Job Search - Employment -Job Vacancies - Naukri.c]">
      <![CDATA[java.lang.AssertionError: expected [Jobs - Recruitment - Job Search - Employment -Job Vacancies - Naukri.com] but found [Jobs - Recruitment - Job Search - Employment -Job Vacancies - Naukri.c]
at com.naukri.qa.testcases.LogInPageTest.landingPageTitleTest(LogInPageTest.java:77)
at java.base/java.util.ArrayList.forEach(ArrayList.java:1507)
... Removed 32 stack frames]]>
    </failure>
  </testcase> <!-- landingPageTitleTest -->
</testsuite> <!-- Naukri website test cases -->
